# JRE version: OpenJDK Runtime Environment (11.0.1) (build 11.0.1-internal+0-adhoc..src)
# Java VM: OpenJDK 64-Bit Server VM (11.0.1-internal+0-adhoc..src, mixed mode, tiered, compressed oops, g1 gc, linux-amd64)
Heap:
 garbage-first heap   total 524288K, used 452364K [0x00000000c0000000, 0x0000000100000000)
  region size 1024K, 179 young (183296K), 1 survivors (1024K)
 Metaspace       used 21220K, capacity 21636K, committed 22016K, reserved 1069056K
  class space    used 2323K, capacity 2487K, committed 2560K, reserved 1048576K
GC Heap History (10 events):
Event: 1.803 GC heap after
{Heap after GC invocations=3 (full 1):
 garbage-first heap   total 524288K, used 44539K [0x00000000c0000000, 0x0000000100000000)
  region size 1024K, 9 young (9216K), 9 survivors (9216K)
 Metaspace       used 20763K, capacity 21175K, committed 21376K, reserved 1069056K
  class space    used 2293K, capacity 2419K, committed 2432K, reserved 1048576K
}
Event: 1.889 GC heap before
{Heap before GC invocations=3 (full 1):
 garbage-first heap   total 524288K, used 100859K [0x00000000c0000000, 0x0000000100000000)
  region size 1024K, 65 young (66560K), 9 survivors (9216K)
 Metaspace       used 20763K, capacity 21175K, committed 21376K, reserved 1069056K
  class space    used 2293K, capacity 2419K, committed 2432K, reserved 1048576K
}
Event: 1.922 GC heap after
{Heap after GC invocations=4 (full 2):
 garbage-first heap   total 524288K, used 45534K [0x00000000c0000000, 0x0000000100000000)
  region size 1024K, 0 young (0K), 0 survivors (0K)
 Metaspace       used 20763K, capacity 21175K, committed 21376K, reserved 1069056K
  class space    used 2293K, capacity 2419K, committed 2432K, reserved 1048576K
}
Event: 1.924 GC heap before
{Heap before GC invocations=4 (full 2):
 garbage-first heap   total 524288K, used 45534K [0x00000000c0000000, 0x0000000100000000)
  region size 1024K, 1 young (1024K), 0 survivors (0K)
 Metaspace       used 20769K, capacity 21181K, committed 21376K, reserved 1069056K
  class space    used 2294K, capacity 2421K, committed 2432K, reserved 1048576K
}
Event: 1.926 GC heap after
{Heap after GC invocations=5 (full 2):
 garbage-first heap   total 524288K, used 45973K [0x00000000c0000000, 0x0000000100000000)
  region size 1024K, 1 young (1024K), 1 survivors (1024K)
 Metaspace       used 20769K, capacity 21181K, committed 21376K, reserved 1069056K
  class space    used 2294K, capacity 2421K, committed 2432K, reserved 1048576K
}
Event: 2.027 GC heap before
{Heap before GC invocations=6 (full 2):
 garbage-first heap   total 524288K, used 310165K [0x00000000c0000000, 0x0000000100000000)
  region size 1024K, 3 young (3072K), 1 survivors (1024K)
 Metaspace       used 20808K, capacity 21181K, committed 21376K, reserved 1069056K
  class space    used 2294K, capacity 2421K, committed 2432K, reserved 1048576K
}
Event: 2.036 GC heap after
{Heap after GC invocations=7 (full 3):
 garbage-first heap   total 524288K, used 268666K [0x00000000c0000000, 0x0000000100000000)
  region size 1024K, 0 young (0K), 0 survivors (0K)
 Metaspace       used 20808K, capacity 21181K, committed 21376K, reserved 1069056K
  class space    used 2294K, capacity 2421K, committed 2432K, reserved 1048576K
}
Event: 3.286 GC heap before
{Heap before GC invocations=7 (full 3):
 garbage-first heap   total 524288K, used 446842K [0x00000000c0000000, 0x0000000100000000)
  region size 1024K, 175 young (179200K), 0 survivors (0K)
 Metaspace       used 21179K, capacity 21635K, committed 22016K, reserved 1069056K
  class space    used 2323K, capacity 2487K, committed 2560K, reserved 1048576K
}
Event: 3.291 GC heap after
{Heap after GC invocations=8 (full 3):
 garbage-first heap   total 524288K, used 270092K [0x00000000c0000000, 0x0000000100000000)
  region size 1024K, 2 young (2048K), 2 survivors (2048K)
 Metaspace       used 21179K, capacity 21635K, committed 22016K, reserved 1069056K
  class space    used 2323K, capacity 2487K, committed 2560K, reserved 1048576K
}
Event: 4.385 GC heap before
{Heap before GC invocations=9 (full 3):
 garbage-first heap   total 524288K, used 452364K [0x00000000c0000000, 0x0000000100000000)
  region size 1024K, 180 young (184320K), 2 survivors (2048K)
 Metaspace       used 21220K, capacity 21636K, committed 22016K, reserved 1069056K
  class space    used 2323K, capacity 2487K, committed 2560K, reserved 1048576K
}

